2018-01-30 12:04:00 INFO  TestBase:178 - navigating to :-https://uk.rs-online.com/web/
2018-01-30 12:04:04 INFO  TestBase:178 - navigating to :-http://uk.rs-online.com/web/
2018-01-30 12:04:05 INFO  Steps_eComCommon:83 - =========== initial setup done=============
2018-01-30 12:04:05 INFO  Steps_eComE2E1:134 - =========== Finished Create UK Applicants Test=============
2018-01-30 12:04:05 INFO  Steps_eComCommon:103 - =========== Finished Create UK Applicants Test=============
2018-01-30 12:04:05 INFO  Steps_eComSearchFilter:114 - =========== Finished Create UK Applicants Test=============
2018-01-30 12:04:05 INFO  Steps_eComE2E1:76 - Executing scenario - User buys as Guest
2018-01-30 12:04:05 INFO  Steps_eComCommon:56 - Executing scenario - User buys as Guest
2018-01-30 12:04:05 INFO  Steps_eComSearchFilter:71 - Executing scenario - User buys as Guest
2018-01-30 12:04:09 INFO  TestBase:178 - navigating to :-https://uk.rs-online.com/web/
2018-01-30 12:04:16 INFO  TestBase:178 - navigating to :-http://uk.rs-online.com/web/
2018-01-30 12:04:17 INFO  Steps_eComCommon:83 - =========== initial setup done=============
2018-01-30 12:04:17 INFO  Steps_eComE2E1:134 - =========== Finished Create UK Applicants Test=============
2018-01-30 12:04:17 INFO  Steps_eComCommon:103 - =========== Finished Create UK Applicants Test=============
2018-01-30 12:04:17 INFO  Steps_eComSearchFilter:114 - =========== Finished Create UK Applicants Test=============
2018-01-30 12:04:17 INFO  Steps_eComE2E1:76 - Executing scenario - User buys as Guest
2018-01-30 12:04:17 INFO  Steps_eComCommon:56 - Executing scenario - User buys as Guest
2018-01-30 12:04:17 INFO  Steps_eComSearchFilter:71 - Executing scenario - User buys as Guest
2018-01-30 12:04:21 INFO  TestBase:178 - navigating to :-https://uk.rs-online.com/web/
2018-01-30 12:04:23 INFO  TestBase:178 - navigating to :-http://uk.rs-online.com/web/
2018-01-30 12:04:24 INFO  Steps_eComCommon:83 - =========== initial setup done=============
2018-01-30 12:04:24 INFO  Steps_eComE2E1:134 - =========== Finished Create UK Applicants Test=============
2018-01-30 12:04:24 INFO  Steps_eComCommon:103 - =========== Finished Create UK Applicants Test=============
2018-01-30 12:04:24 INFO  Steps_eComSearchFilter:114 - =========== Finished Create UK Applicants Test=============
2018-01-30 15:37:32 INFO  TestBase:178 - navigating to :-https://uk.rs-online.com/web/
2018-01-30 15:37:36 INFO  TestBase:178 - navigating to :-http://uk.rs-online.com/web/
2018-01-30 15:37:37 INFO  Steps_eComCommon:84 - =========== initial setup done=============
2018-01-30 15:37:38 INFO  Steps_eComE2E1:135 - =========== Finished Create UK Applicants Test=============
2018-01-30 15:37:38 INFO  Steps_eComCommon:108 - =========== Finished Create UK Applicants Test=============
2018-01-30 15:37:38 INFO  Steps_eComSearchFilter:104 - =========== Finished Create UK Applicants Test=============
2018-01-30 15:37:38 INFO  Steps_eComE2E1:81 - Executing scenario - User searches as Guest
2018-01-30 15:37:38 INFO  Steps_eComCommon:57 - Executing scenario - User searches as Guest
2018-01-30 15:37:38 INFO  Steps_eComSearchFilter:79 - Executing scenario - User searches as Guest
2018-01-30 15:37:42 INFO  TestBase:178 - navigating to :-https://uk.rs-online.com/web/
2018-01-30 15:37:45 INFO  TestBase:178 - navigating to :-http://uk.rs-online.com/web/
2018-01-30 15:37:46 INFO  Steps_eComCommon:84 - =========== initial setup done=============
2018-01-30 15:37:47 INFO  Steps_eComE2E1:135 - =========== Finished Create UK Applicants Test=============
2018-01-30 15:37:47 INFO  Steps_eComCommon:108 - =========== Finished Create UK Applicants Test=============
2018-01-30 15:37:47 INFO  Steps_eComSearchFilter:104 - =========== Finished Create UK Applicants Test=============
2018-01-30 15:37:47 INFO  Steps_eComE2E1:81 - Executing scenario - User searches as Guest
2018-01-30 15:37:47 INFO  Steps_eComCommon:57 - Executing scenario - User searches as Guest
2018-01-30 15:37:47 INFO  Steps_eComSearchFilter:79 - Executing scenario - User searches as Guest
2018-01-30 15:37:50 INFO  TestBase:178 - navigating to :-https://uk.rs-online.com/web/
2018-01-30 15:37:53 INFO  TestBase:178 - navigating to :-http://uk.rs-online.com/web/
2018-01-30 15:37:54 INFO  Steps_eComCommon:84 - =========== initial setup done=============
2018-01-30 15:37:55 INFO  Steps_eComE2E1:135 - =========== Finished Create UK Applicants Test=============
2018-01-30 15:37:55 INFO  Steps_eComCommon:108 - =========== Finished Create UK Applicants Test=============
2018-01-30 15:37:55 INFO  Steps_eComSearchFilter:104 - =========== Finished Create UK Applicants Test=============
2018-01-30 15:48:41 INFO  TestBase:178 - navigating to :-https://uk.rs-online.com/web/
2018-01-30 15:48:44 INFO  TestBase:178 - navigating to :-http://uk.rs-online.com/web/
2018-01-30 15:48:45 INFO  Steps_eComCommon:84 - =========== initial setup done=============
2018-01-30 15:48:47 INFO  Steps_eComE2E1:135 - =========== Finished Create UK Applicants Test=============
2018-01-30 15:48:47 INFO  Steps_eComCommon:108 - =========== Finished Create UK Applicants Test=============
2018-01-30 15:48:47 INFO  Steps_eComSearchFilter:89 - =========== Finished Create UK Applicants Test=============
2018-01-30 15:48:47 INFO  Steps_eComE2E1:81 - Executing scenario - User buys as resgisterd user
2018-01-30 15:48:47 INFO  Steps_eComCommon:57 - Executing scenario - User buys as resgisterd user
2018-01-30 15:48:47 INFO  Steps_eComSearchFilter:64 - Executing scenario - User buys as resgisterd user
2018-01-30 15:48:50 INFO  TestBase:178 - navigating to :-https://uk.rs-online.com/web/
2018-01-30 15:48:52 INFO  TestBase:178 - navigating to :-http://uk.rs-online.com/web/
2018-01-30 15:48:53 INFO  Steps_eComCommon:84 - =========== initial setup done=============
2018-01-30 15:48:53 INFO  Steps_eComE2E1:135 - =========== Finished Create UK Applicants Test=============
2018-01-30 15:48:53 INFO  Steps_eComCommon:108 - =========== Finished Create UK Applicants Test=============
2018-01-30 15:48:53 INFO  Steps_eComSearchFilter:89 - =========== Finished Create UK Applicants Test=============
2018-01-30 16:18:08 INFO  TestBase:178 - navigating to :-https://uk.rs-online.com/web/
2018-01-30 16:18:11 INFO  TestBase:178 - navigating to :-http://uk.rs-online.com/web/
2018-01-30 16:18:12 INFO  Steps_eComCommon:84 - =========== initial setup done=============
2018-01-30 16:18:13 INFO  Steps_eComE2E1:135 - =========== Finished Create UK Applicants Test=============
2018-01-30 16:18:13 INFO  Steps_eComCommon:108 - =========== Finished Create UK Applicants Test=============
2018-01-30 16:18:13 INFO  Steps_eComSearchFilter:89 - =========== Finished Create UK Applicants Test=============
2018-01-30 16:18:13 INFO  Steps_eComE2E1:81 - Executing scenario - User buys as resgisterd user
2018-01-30 16:18:13 INFO  Steps_eComCommon:57 - Executing scenario - User buys as resgisterd user
2018-01-30 16:18:13 INFO  Steps_eComSearchFilter:64 - Executing scenario - User buys as resgisterd user
2018-01-30 16:18:17 INFO  TestBase:178 - navigating to :-https://uk.rs-online.com/web/
2018-01-30 16:18:19 INFO  TestBase:178 - navigating to :-http://uk.rs-online.com/web/
2018-01-30 16:18:20 INFO  Steps_eComCommon:84 - =========== initial setup done=============
2018-01-30 16:18:20 INFO  Steps_eComE2E1:135 - =========== Finished Create UK Applicants Test=============
2018-01-30 16:18:20 INFO  Steps_eComCommon:108 - =========== Finished Create UK Applicants Test=============
2018-01-30 16:18:20 INFO  Steps_eComSearchFilter:89 - =========== Finished Create UK Applicants Test=============
2018-01-30 16:21:32 INFO  TestBase:178 - navigating to :-https://uk.rs-online.com/web/
2018-01-30 16:21:36 INFO  TestBase:178 - navigating to :-http://uk.rs-online.com/web/
2018-01-30 16:21:37 INFO  Steps_eComCommon:84 - =========== initial setup done=============
2018-01-30 16:21:38 INFO  Steps_eComE2E1:135 - =========== Finished Create UK Applicants Test=============
2018-01-30 16:21:38 INFO  Steps_eComCommon:108 - =========== Finished Create UK Applicants Test=============
2018-01-30 16:21:38 INFO  Steps_eComSearchFilter:89 - =========== Finished Create UK Applicants Test=============
2018-01-30 16:21:38 INFO  Steps_eComE2E1:81 - Executing scenario - User buys as resgisterd user
2018-01-30 16:21:38 INFO  Steps_eComCommon:57 - Executing scenario - User buys as resgisterd user
2018-01-30 16:21:38 INFO  Steps_eComSearchFilter:64 - Executing scenario - User buys as resgisterd user
2018-01-30 16:21:42 INFO  TestBase:178 - navigating to :-https://uk.rs-online.com/web/
2018-01-30 16:21:44 INFO  TestBase:178 - navigating to :-http://uk.rs-online.com/web/
2018-01-30 16:21:45 INFO  Steps_eComCommon:84 - =========== initial setup done=============
2018-01-30 16:21:45 INFO  Steps_eComE2E1:135 - =========== Finished Create UK Applicants Test=============
2018-01-30 16:21:45 INFO  Steps_eComCommon:108 - =========== Finished Create UK Applicants Test=============
2018-01-30 16:21:45 INFO  Steps_eComSearchFilter:89 - =========== Finished Create UK Applicants Test=============
2018-01-30 16:41:36 INFO  TestBase:178 - navigating to :-https://uk.rs-online.com/web/
2018-01-30 16:41:40 INFO  TestBase:178 - navigating to :-http://uk.rs-online.com/web/
2018-01-30 16:41:41 INFO  Steps_eComCommon:90 - =========== initial setup done=============
2018-01-30 16:41:41 INFO  Steps_eComE2E1:138 - =========== Finished Create UK Applicants Test=============
2018-01-30 16:41:41 INFO  Steps_eComCommon:114 - =========== Finished Create UK Applicants Test=============
2018-01-30 16:41:41 INFO  Steps_eComSearchFilter:89 - =========== Finished Create UK Applicants Test=============
2018-01-30 16:41:41 INFO  Steps_eComE2E1:84 - Executing scenario - User buys as resgisterd user
2018-01-30 16:41:41 INFO  Steps_eComCommon:59 - Executing scenario - User buys as resgisterd user
2018-01-30 16:41:41 INFO  Steps_eComSearchFilter:64 - Executing scenario - User buys as resgisterd user
2018-01-30 16:41:45 INFO  TestBase:178 - navigating to :-https://uk.rs-online.com/web/
2018-01-30 16:41:47 INFO  TestBase:178 - navigating to :-http://uk.rs-online.com/web/
2018-01-30 16:41:48 INFO  Steps_eComCommon:90 - =========== initial setup done=============
2018-01-30 16:41:48 INFO  Steps_eComE2E1:138 - =========== Finished Create UK Applicants Test=============
2018-01-30 16:41:48 INFO  Steps_eComCommon:114 - =========== Finished Create UK Applicants Test=============
2018-01-30 16:41:48 INFO  Steps_eComSearchFilter:89 - =========== Finished Create UK Applicants Test=============
2018-01-30 17:17:31 INFO  TestBase:178 - navigating to :-https://uk.rs-online.com/web/
2018-01-30 17:17:35 INFO  Steps_eComE2E1:88 - Executing scenario - User buys as Guest
2018-01-30 17:17:35 INFO  Steps_eComCommon:59 - Executing scenario - User buys as Guest
2018-01-30 17:17:35 INFO  Steps_eComSearchFilter:64 - Executing scenario - User buys as Guest
2018-01-30 17:17:35 INFO  TestBase:178 - navigating to :-http://uk.rs-online.com/web/
2018-01-30 17:17:36 INFO  Steps_eComE2E1:109 - =========== initial setup done=============
2018-01-30 17:18:39 INFO  TestBase:178 - navigating to :-https://uk.rs-online.com/web/
2018-01-30 17:18:43 INFO  Steps_eComE2E1:88 - Executing scenario - User buys as Guest
2018-01-30 17:18:43 INFO  Steps_eComCommon:59 - Executing scenario - User buys as Guest
2018-01-30 17:18:43 INFO  Steps_eComSearchFilter:64 - Executing scenario - User buys as Guest
2018-01-30 17:18:43 INFO  TestBase:178 - navigating to :-http://uk.rs-online.com/web/
2018-01-30 17:18:44 INFO  Steps_eComE2E1:109 - =========== initial setup done=============
2018-01-30 17:18:56 INFO  Steps_eComE2E1:174 - =========== Finished Create UK Applicants Test=============
2018-01-30 17:18:56 INFO  Steps_eComCommon:114 - =========== Finished Create UK Applicants Test=============
2018-01-30 17:18:56 INFO  Steps_eComSearchFilter:89 - =========== Finished Create UK Applicants Test=============
2018-01-30 17:19:00 INFO  TestBase:178 - navigating to :-https://uk.rs-online.com/web/
2018-01-30 17:19:02 INFO  Steps_eComE2E1:88 - Executing scenario - User buys as resgisterd user
2018-01-30 17:19:02 INFO  Steps_eComCommon:59 - Executing scenario - User buys as resgisterd user
2018-01-30 17:19:02 INFO  Steps_eComSearchFilter:64 - Executing scenario - User buys as resgisterd user
2018-01-30 17:19:02 INFO  TestBase:178 - navigating to :-http://uk.rs-online.com/web/
2018-01-30 17:19:03 INFO  Steps_eComE2E1:109 - =========== initial setup done=============
2018-01-30 17:19:05 INFO  Steps_eComE2E1:174 - =========== Finished Create UK Applicants Test=============
2018-01-30 17:19:05 INFO  Steps_eComCommon:114 - =========== Finished Create UK Applicants Test=============
2018-01-30 17:19:05 INFO  Steps_eComSearchFilter:89 - =========== Finished Create UK Applicants Test=============
2018-01-30 17:28:06 INFO  TestBase:178 - navigating to :-https://uk.rs-online.com/web/
2018-01-30 17:28:09 INFO  TestBase:178 - navigating to :-http://uk.rs-online.com/web/
2018-01-30 17:28:10 INFO  Steps_eComE2E1:105 - =========== initial setup done=============
2018-01-30 17:28:22 INFO  Steps_eComE2E1:170 - =========== Finished E2E Test=============
2018-01-30 17:28:22 INFO  Steps_eComCommon:114 - =========== Finished Create UK Applicants Test=============
2018-01-30 17:28:22 INFO  Steps_eComSearchFilter:89 - =========== Finished Create UK Applicants Test=============
2018-01-30 17:28:22 INFO  Steps_eComE2E1:77 - Executing scenario - User buys as resgisterd user
2018-01-30 17:28:22 INFO  Steps_eComCommon:59 - Executing scenario - User buys as resgisterd user
2018-01-30 17:28:22 INFO  Steps_eComSearchFilter:64 - Executing scenario - User buys as resgisterd user
2018-01-30 17:28:26 INFO  TestBase:178 - navigating to :-https://uk.rs-online.com/web/
2018-01-30 17:28:28 INFO  TestBase:178 - navigating to :-http://uk.rs-online.com/web/
2018-01-30 17:28:29 INFO  Steps_eComE2E1:105 - =========== initial setup done=============
2018-01-30 17:28:31 INFO  Steps_eComE2E1:170 - =========== Finished E2E Test=============
2018-01-30 17:28:31 INFO  Steps_eComCommon:114 - =========== Finished Create UK Applicants Test=============
2018-01-30 17:28:31 INFO  Steps_eComSearchFilter:89 - =========== Finished Create UK Applicants Test=============
2018-01-30 17:36:51 INFO  TestBase:178 - navigating to :-https://uk.rs-online.com/web/
2018-01-30 17:36:54 INFO  TestBase:178 - navigating to :-http://uk.rs-online.com/web/
2018-01-30 17:36:56 INFO  Steps_eComE2E1:105 - =========== initial setup done=============
2018-01-30 17:37:08 INFO  Steps_eComE2E1:170 - =========== Finished E2E Test=============
2018-01-30 17:37:08 INFO  Steps_eComCommon:114 - =========== Finished Create UK Applicants Test=============
2018-01-30 17:37:08 INFO  Steps_eComSearchFilter:89 - =========== Finished Create UK Applicants Test=============
2018-01-30 17:37:08 INFO  Steps_eComE2E1:77 - Executing scenario - User buys as resgisterd user
2018-01-30 17:37:08 INFO  Steps_eComCommon:59 - Executing scenario - User buys as resgisterd user
2018-01-30 17:37:08 INFO  Steps_eComSearchFilter:64 - Executing scenario - User buys as resgisterd user
2018-01-30 17:37:11 INFO  TestBase:178 - navigating to :-https://uk.rs-online.com/web/
2018-01-30 17:37:16 INFO  TestBase:178 - navigating to :-http://uk.rs-online.com/web/
2018-01-30 17:37:17 INFO  Steps_eComE2E1:105 - =========== initial setup done=============
2018-01-30 17:37:31 INFO  Steps_eComE2E1:170 - =========== Finished E2E Test=============
2018-01-30 17:37:31 INFO  Steps_eComCommon:114 - =========== Finished Create UK Applicants Test=============
2018-01-30 17:37:31 INFO  Steps_eComSearchFilter:89 - =========== Finished Create UK Applicants Test=============
2018-01-30 17:40:15 INFO  TestBase:178 - navigating to :-https://uk.rs-online.com/web/
2018-01-30 17:40:20 INFO  TestBase:178 - navigating to :-http://uk.rs-online.com/web/
2018-01-30 17:40:22 INFO  Steps_eComE2E1:105 - =========== initial setup done=============
2018-01-30 17:40:23 INFO  Steps_eComE2E1:170 - =========== Finished E2E Test=============
2018-01-30 17:40:23 INFO  Steps_eComCommon:114 - =========== Finished Create UK Applicants Test=============
2018-01-30 17:40:23 INFO  Steps_eComSearchFilter:89 - =========== Finished Create UK Applicants Test=============
2018-01-30 17:40:23 INFO  Steps_eComE2E1:77 - Executing scenario - User searches as Guest
2018-01-30 17:40:23 INFO  Steps_eComCommon:59 - Executing scenario - User searches as Guest
2018-01-30 17:40:23 INFO  Steps_eComSearchFilter:64 - Executing scenario - User searches as Guest
2018-01-30 17:40:27 INFO  TestBase:178 - navigating to :-https://uk.rs-online.com/web/
2018-01-30 17:40:30 INFO  TestBase:178 - navigating to :-http://uk.rs-online.com/web/
2018-01-30 17:40:32 INFO  Steps_eComE2E1:105 - =========== initial setup done=============
2018-01-30 17:40:33 INFO  Steps_eComE2E1:170 - =========== Finished E2E Test=============
2018-01-30 17:40:33 INFO  Steps_eComCommon:114 - =========== Finished Create UK Applicants Test=============
2018-01-30 17:40:33 INFO  Steps_eComSearchFilter:89 - =========== Finished Create UK Applicants Test=============
2018-01-30 17:40:33 INFO  Steps_eComE2E1:77 - Executing scenario - User searches as Guest
2018-01-30 17:40:33 INFO  Steps_eComCommon:59 - Executing scenario - User searches as Guest
2018-01-30 17:40:33 INFO  Steps_eComSearchFilter:64 - Executing scenario - User searches as Guest
2018-01-30 17:40:38 INFO  TestBase:178 - navigating to :-https://uk.rs-online.com/web/
2018-01-30 17:40:42 INFO  TestBase:178 - navigating to :-http://uk.rs-online.com/web/
2018-01-30 17:40:44 INFO  Steps_eComE2E1:105 - =========== initial setup done=============
2018-01-30 17:40:46 INFO  Steps_eComE2E1:170 - =========== Finished E2E Test=============
2018-01-30 17:40:46 INFO  Steps_eComCommon:114 - =========== Finished Create UK Applicants Test=============
2018-01-30 17:40:46 INFO  Steps_eComSearchFilter:89 - =========== Finished Create UK Applicants Test=============
2018-01-30 18:14:08 INFO  TestBase:178 - navigating to :-https://uk.rs-online.com/web/
2018-01-30 18:14:20 INFO  Steps_eComE2E1:153 - =========== Finished E2E Test=============
2018-01-30 18:14:20 INFO  Steps_eComCommon:114 - =========== Finished Create UK Applicants Test=============
2018-01-30 18:14:20 INFO  Steps_eComSearchFilter:107 - =========== Finished Create UK Applicants Test=============
2018-01-30 18:14:20 INFO  Steps_eComE2E1:60 - Executing scenario - User searches as Guest
2018-01-30 18:14:20 INFO  Steps_eComCommon:59 - Executing scenario - User searches as Guest
2018-01-30 18:14:20 INFO  Steps_eComSearchFilter:51 - Executing scenario - User searches as Guest
2018-01-30 18:14:23 INFO  TestBase:178 - navigating to :-https://uk.rs-online.com/web/
2018-01-30 18:19:05 INFO  TestBase:178 - navigating to :-https://uk.rs-online.com/web/
2018-01-30 18:19:10 INFO  TestBase:178 - navigating to :-http://uk.rs-online.com/web/
2018-01-30 18:19:12 INFO  Steps_eComSearchFilter:79 - =========== initial setup done=============
2018-01-30 18:19:25 INFO  Steps_eComE2E1:153 - =========== Finished E2E Test=============
2018-01-30 18:19:25 INFO  Steps_eComCommon:114 - =========== Finished Create UK Applicants Test=============
2018-01-30 18:19:25 INFO  Steps_eComSearchFilter:107 - =========== Finished Create UK Applicants Test=============
2018-01-30 18:19:25 INFO  Steps_eComE2E1:60 - Executing scenario - User searches as Guest
2018-01-30 18:19:25 INFO  Steps_eComCommon:59 - Executing scenario - User searches as Guest
2018-01-30 18:19:25 INFO  Steps_eComSearchFilter:51 - Executing scenario - User searches as Guest
2018-01-30 18:19:29 INFO  TestBase:178 - navigating to :-https://uk.rs-online.com/web/
2018-01-30 18:19:33 INFO  TestBase:178 - navigating to :-http://uk.rs-online.com/web/
2018-01-30 18:19:34 INFO  Steps_eComSearchFilter:79 - =========== initial setup done=============
2018-01-30 18:19:48 INFO  Steps_eComE2E1:153 - =========== Finished E2E Test=============
2018-01-30 18:19:48 INFO  Steps_eComCommon:114 - =========== Finished Create UK Applicants Test=============
2018-01-30 18:19:48 INFO  Steps_eComSearchFilter:107 - =========== Finished Create UK Applicants Test=============
2018-01-30 18:19:48 INFO  Steps_eComE2E1:60 - Executing scenario - User searches as Guest
2018-01-30 18:19:48 INFO  Steps_eComCommon:59 - Executing scenario - User searches as Guest
2018-01-30 18:19:48 INFO  Steps_eComSearchFilter:51 - Executing scenario - User searches as Guest
2018-01-30 18:19:51 INFO  TestBase:178 - navigating to :-https://uk.rs-online.com/web/
2018-01-30 18:19:55 INFO  TestBase:178 - navigating to :-http://uk.rs-online.com/web/
2018-01-30 18:19:56 INFO  Steps_eComSearchFilter:79 - =========== initial setup done=============
2018-01-30 18:20:10 INFO  Steps_eComE2E1:153 - =========== Finished E2E Test=============
2018-01-30 18:20:10 INFO  Steps_eComCommon:114 - =========== Finished Create UK Applicants Test=============
2018-01-30 18:20:10 INFO  Steps_eComSearchFilter:107 - =========== Finished Create UK Applicants Test=============
2018-01-30 18:22:08 INFO  TestBase:178 - navigating to :-https://uk.rs-online.com/web/
2018-01-30 18:22:12 INFO  TestBase:178 - navigating to :-http://uk.rs-online.com/web/
2018-01-30 18:22:14 INFO  Steps_eComSearchFilter:79 - =========== initial setup done=============
2018-01-30 18:22:18 INFO  Steps_eComE2E1:153 - =========== Finished E2E Test=============
2018-01-30 18:22:18 INFO  Steps_eComCommon:114 - =========== Finished Create UK Applicants Test=============
2018-01-30 18:22:18 INFO  Steps_eComSearchFilter:107 - =========== Finished Create UK Applicants Test=============
2018-01-30 18:22:18 INFO  Steps_eComE2E1:60 - Executing scenario - User searches as Guest
2018-01-30 18:22:18 INFO  Steps_eComCommon:59 - Executing scenario - User searches as Guest
2018-01-30 18:22:18 INFO  Steps_eComSearchFilter:51 - Executing scenario - User searches as Guest
2018-01-30 18:22:21 INFO  TestBase:178 - navigating to :-https://uk.rs-online.com/web/
2018-01-30 18:22:24 INFO  TestBase:178 - navigating to :-http://uk.rs-online.com/web/
2018-01-30 18:22:26 INFO  Steps_eComSearchFilter:79 - =========== initial setup done=============
2018-01-30 18:22:29 INFO  Steps_eComE2E1:153 - =========== Finished E2E Test=============
2018-01-30 18:22:29 INFO  Steps_eComCommon:114 - =========== Finished Create UK Applicants Test=============
2018-01-30 18:22:29 INFO  Steps_eComSearchFilter:107 - =========== Finished Create UK Applicants Test=============
2018-01-30 18:22:29 INFO  Steps_eComE2E1:60 - Executing scenario - User searches as Guest
2018-01-30 18:22:29 INFO  Steps_eComCommon:59 - Executing scenario - User searches as Guest
2018-01-30 18:22:29 INFO  Steps_eComSearchFilter:51 - Executing scenario - User searches as Guest
2018-01-30 18:22:32 INFO  TestBase:178 - navigating to :-https://uk.rs-online.com/web/
2018-01-30 18:22:36 INFO  TestBase:178 - navigating to :-http://uk.rs-online.com/web/
2018-01-30 18:22:38 INFO  Steps_eComSearchFilter:79 - =========== initial setup done=============
2018-01-30 18:22:43 INFO  Steps_eComE2E1:153 - =========== Finished E2E Test=============
2018-01-30 18:22:43 INFO  Steps_eComCommon:114 - =========== Finished Create UK Applicants Test=============
2018-01-30 18:22:43 INFO  Steps_eComSearchFilter:107 - =========== Finished Create UK Applicants Test=============
2018-01-30 18:24:23 INFO  TestBase:178 - navigating to :-https://uk.rs-online.com/web/
2018-01-30 18:24:27 INFO  TestBase:178 - navigating to :-http://uk.rs-online.com/web/
2018-01-30 18:24:29 INFO  Steps_eComSearchFilter:79 - =========== initial setup done=============
2018-01-30 18:24:33 INFO  Steps_eComE2E1:153 - =========== Finished E2E Test=============
2018-01-30 18:24:33 INFO  Steps_eComCommon:114 - =========== Finished Create UK Applicants Test=============
2018-01-30 18:24:33 INFO  Steps_eComSearchFilter:107 - =========== Finished Create UK Applicants Test=============
2018-01-30 18:24:33 INFO  Steps_eComE2E1:60 - Executing scenario - User searches as Guest
2018-01-30 18:24:33 INFO  Steps_eComCommon:59 - Executing scenario - User searches as Guest
2018-01-30 18:24:33 INFO  Steps_eComSearchFilter:51 - Executing scenario - User searches as Guest
2018-01-30 18:24:36 INFO  TestBase:178 - navigating to :-https://uk.rs-online.com/web/
2018-01-30 18:24:39 INFO  TestBase:178 - navigating to :-http://uk.rs-online.com/web/
2018-01-30 18:24:41 INFO  Steps_eComSearchFilter:79 - =========== initial setup done=============
2018-01-30 18:24:45 INFO  Steps_eComE2E1:153 - =========== Finished E2E Test=============
2018-01-30 18:24:45 INFO  Steps_eComCommon:114 - =========== Finished Create UK Applicants Test=============
2018-01-30 18:24:45 INFO  Steps_eComSearchFilter:107 - =========== Finished Create UK Applicants Test=============
2018-01-30 18:24:45 INFO  Steps_eComE2E1:60 - Executing scenario - User searches as Guest
2018-01-30 18:24:45 INFO  Steps_eComCommon:59 - Executing scenario - User searches as Guest
2018-01-30 18:24:45 INFO  Steps_eComSearchFilter:51 - Executing scenario - User searches as Guest
2018-01-30 18:24:48 INFO  TestBase:178 - navigating to :-https://uk.rs-online.com/web/
2018-01-30 18:24:52 INFO  TestBase:178 - navigating to :-http://uk.rs-online.com/web/
2018-01-30 18:24:53 INFO  Steps_eComSearchFilter:79 - =========== initial setup done=============
2018-01-30 18:24:58 INFO  Steps_eComE2E1:153 - =========== Finished E2E Test=============
2018-01-30 18:24:58 INFO  Steps_eComCommon:114 - =========== Finished Create UK Applicants Test=============
2018-01-30 18:24:58 INFO  Steps_eComSearchFilter:107 - =========== Finished Create UK Applicants Test=============
2018-01-30 18:39:25 INFO  TestBase:178 - navigating to :-https://uk.rs-online.com/web/
2018-01-30 18:39:31 INFO  TestBase:178 - navigating to :-http://uk.rs-online.com/web/
2018-01-30 18:39:32 INFO  Steps_eComSearchFilter:79 - =========== initial setup done=============
2018-01-30 18:39:47 INFO  Steps_eComE2E1:153 - =========== Finished E2E Test=============
2018-01-30 18:39:47 INFO  Steps_eComCommon:114 - =========== Finished Create UK Applicants Test=============
2018-01-30 18:39:47 INFO  Steps_eComSearchFilter:108 - =========== Finished Create UK Applicants Test=============
2018-01-30 18:39:47 INFO  Steps_eComE2E1:60 - Executing scenario - User searches as Guest
2018-01-30 18:39:47 INFO  Steps_eComCommon:59 - Executing scenario - User searches as Guest
2018-01-30 18:39:47 INFO  Steps_eComSearchFilter:51 - Executing scenario - User searches as Guest
2018-01-30 18:39:51 INFO  TestBase:178 - navigating to :-https://uk.rs-online.com/web/
2018-01-30 18:39:55 INFO  TestBase:178 - navigating to :-http://uk.rs-online.com/web/
2018-01-30 18:39:57 INFO  Steps_eComSearchFilter:79 - =========== initial setup done=============
2018-01-30 18:40:11 INFO  Steps_eComE2E1:153 - =========== Finished E2E Test=============
2018-01-30 18:40:11 INFO  Steps_eComCommon:114 - =========== Finished Create UK Applicants Test=============
2018-01-30 18:40:11 INFO  Steps_eComSearchFilter:108 - =========== Finished Create UK Applicants Test=============
2018-01-30 18:40:11 INFO  Steps_eComE2E1:60 - Executing scenario - User searches as Guest
2018-01-30 18:40:11 INFO  Steps_eComCommon:59 - Executing scenario - User searches as Guest
2018-01-30 18:40:11 INFO  Steps_eComSearchFilter:51 - Executing scenario - User searches as Guest
2018-01-30 18:40:15 INFO  TestBase:178 - navigating to :-https://uk.rs-online.com/web/
2018-01-30 18:40:19 INFO  TestBase:178 - navigating to :-http://uk.rs-online.com/web/
2018-01-30 18:40:20 INFO  Steps_eComSearchFilter:79 - =========== initial setup done=============
2018-01-30 18:40:35 INFO  Steps_eComE2E1:153 - =========== Finished E2E Test=============
2018-01-30 18:40:35 INFO  Steps_eComCommon:114 - =========== Finished Create UK Applicants Test=============
2018-01-30 18:40:35 INFO  Steps_eComSearchFilter:108 - =========== Finished Create UK Applicants Test=============
2018-01-30 18:40:59 INFO  TestBase:178 - navigating to :-https://uk.rs-online.com/web/
2018-01-30 18:41:06 INFO  TestBase:178 - navigating to :-http://uk.rs-online.com/web/
2018-01-30 18:41:08 INFO  Steps_eComE2E1:88 - =========== initial setup done=============
2018-01-30 18:41:21 INFO  Steps_eComE2E1:153 - =========== Finished E2E Test=============
2018-01-30 18:41:21 INFO  Steps_eComCommon:114 - =========== Finished Create UK Applicants Test=============
2018-01-30 18:41:21 INFO  Steps_eComSearchFilter:108 - =========== Finished Create UK Applicants Test=============
2018-01-30 18:41:21 INFO  Steps_eComE2E1:60 - Executing scenario - User buys as resgisterd user
2018-01-30 18:41:21 INFO  Steps_eComCommon:59 - Executing scenario - User buys as resgisterd user
2018-01-30 18:41:21 INFO  Steps_eComSearchFilter:51 - Executing scenario - User buys as resgisterd user
2018-01-30 18:41:27 INFO  TestBase:178 - navigating to :-https://uk.rs-online.com/web/
2018-01-30 18:41:31 INFO  TestBase:178 - navigating to :-http://uk.rs-online.com/web/
2018-01-30 18:41:32 INFO  Steps_eComE2E1:88 - =========== initial setup done=============
2018-01-30 18:41:50 INFO  Steps_eComE2E1:153 - =========== Finished E2E Test=============
2018-01-30 18:41:50 INFO  Steps_eComCommon:114 - =========== Finished Create UK Applicants Test=============
2018-01-30 18:41:50 INFO  Steps_eComSearchFilter:108 - =========== Finished Create UK Applicants Test=============
